Determining if the pthread_create exist failed with the following output:
Change Dir: /home/hri/auto_exploration/build/CMakeFiles/CMakeTmp

Run Build Command:"/usr/bin/make" "cmTryCompileExec731375702/fast"
/usr/bin/make -f CMakeFiles/cmTryCompileExec731375702.dir/build.make CMakeFiles/cmTryCompileExec731375702.dir/build
make[1]: 正在进入目录 `/home/hri/auto_exploration/build/CMakeFiles/CMakeTmp'
/usr/local/bin/cmake -E cmake_progress_report /home/hri/auto_exploration/build/CMakeFiles/CMakeTmp/CMakeFiles 1
Building C object CMakeFiles/cmTryCompileExec731375702.dir/CheckSymbolExists.c.o
/usr/bin/cc    -o CMakeFiles/cmTryCompileExec731375702.dir/CheckSymbolExists.c.o   -c /home/hri/auto_exploration/build/CMakeFiles/CMakeTmp/CheckSymbolExists.c
Linking C executable cmTryCompileExec731375702
/usr/local/bin/cmake -E cmake_link_script CMakeFiles/cmTryCompileExec731375702.dir/link.txt --verbose=1
/usr/bin/cc       CMakeFiles/cmTryCompileExec731375702.dir/CheckSymbolExists.c.o  -o cmTryCompileExec731375702 -rdynamic 
CMakeFiles/cmTryCompileExec731375702.dir/CheckSymbolExists.c.o：在函数‘main’中：
CheckSymbolExists.c:(.text+0x16)：对‘pthread_create’未定义的引用
collect2: error: ld returned 1 exit status
make[1]:正在离开目录 `/home/hri/auto_exploration/build/CMakeFiles/CMakeTmp'
make[1]: *** [cmTryCompileExec731375702] 错误 1
make: *** [cmTryCompileExec731375702/fast] 错误 2

File /home/hri/auto_exploration/build/CMakeFiles/CMakeTmp/CheckSymbolExists.c:
/* */
#include <pthread.h>

int main(int argc, char** argv)
{
  (void)argv;
#ifndef pthread_create
  return ((int*)(&pthread_create))[argc];
#else
  (void)argc;
  return 0;
#endif
}

Determining if the function pthread_create exists in the pthreads failed with the following output:
Change Dir: /home/hri/auto_exploration/build/CMakeFiles/CMakeTmp

Run Build Command:"/usr/bin/make" "cmTryCompileExec3377437032/fast"
/usr/bin/make -f CMakeFiles/cmTryCompileExec3377437032.dir/build.make CMakeFiles/cmTryCompileExec3377437032.dir/build
make[1]: 正在进入目录 `/home/hri/auto_exploration/build/CMakeFiles/CMakeTmp'
/usr/local/bin/cmake -E cmake_progress_report /home/hri/auto_exploration/build/CMakeFiles/CMakeTmp/CMakeFiles 1
Building C object CMakeFiles/cmTryCompileExec3377437032.dir/CheckFunctionExists.c.o
/usr/bin/cc   -DCHECK_FUNCTION_EXISTS=pthread_create   -o CMakeFiles/cmTryCompileExec3377437032.dir/CheckFunctionExists.c.o   -c /usr/local/share/cmake-3.2/Modules/CheckFunctionExists.c
Linking C executable cmTryCompileExec3377437032
/usr/local/bin/cmake -E cmake_link_script CMakeFiles/cmTryCompileExec3377437032.dir/link.txt --verbose=1
/usr/bin/cc   -DCHECK_FUNCTION_EXISTS=pthread_create    CMakeFiles/cmTryCompileExec3377437032.dir/CheckFunctionExists.c.o  -o cmTryCompileExec3377437032 -rdynamic -lpthreads 
/usr/bin/ld: 找不到 -lpthreads
collect2: error: ld returned 1 exit status
make[1]: *** [cmTryCompileExec3377437032] 错误 1
make[1]:正在离开目录 `/home/hri/auto_exploration/build/CMakeFiles/CMakeTmp'
make: *** [cmTryCompileExec3377437032/fast] 错误 2


